src/components/ui/pagination.tsx(8,3): error TS7031: Binding element 'className' implicitly has an 'any' type.
src/components/ui/pagination.tsx(19,47): error TS2339: Property 'className' does not exist on type '{}'.
src/components/ui/pagination.tsx(21,5): error TS2322: Type 'ForwardedRef<unknown>' is not assignable to type 'LegacyRef<HTMLUListElement> | undefined'.
  Type 'MutableRefObject<unknown>' is not assignable to type 'LegacyRef<HTMLUListElement> | undefined'.
    Type 'MutableRefObject<unknown>' is not assignable to type 'RefObject<HTMLUListElement>'.
      Types of property 'current' are incompatible.
        Type 'unknown' is not assignable to type 'HTMLUListElement | null'.
src/components/ui/pagination.tsx(27,44): error TS2339: Property 'className' does not exist on type '{}'.
src/components/ui/pagination.tsx(28,7): error TS2322: Type 'ForwardedRef<unknown>' is not assignable to type 'LegacyRef<HTMLLIElement> | undefined'.
  Type 'MutableRefObject<unknown>' is not assignable to type 'LegacyRef<HTMLLIElement> | undefined'.
    Type 'MutableRefObject<unknown>' is not assignable to type 'RefObject<HTMLLIElement>'.
      Types of property 'current' are incompatible.
        Type 'unknown' is not assignable to type 'HTMLLIElement | null'.
src/components/ui/pagination.tsx(33,3): error TS7031: Binding element 'className' implicitly has an 'any' type.
src/components/ui/pagination.tsx(34,3): error TS7031: Binding element 'isActive' implicitly has an 'any' type.
src/components/ui/pagination.tsx(42,7): error TS2322: Type 'string' is not assignable to type '"default" | "sm" | "lg" | "icon" | null | undefined'.
src/components/ui/pagination.tsx(49,3): error TS7031: Binding element 'className' implicitly has an 'any' type.
src/components/ui/pagination.tsx(52,4): error TS2741: Property 'isActive' is missing in type '{ children: Element[]; "aria-label": string; size: string; className: string; }' but required in type '{ [x: string]: any; className: any; isActive: any; size?: string | undefined; }'.
src/components/ui/pagination.tsx(64,3): error TS7031: Binding element 'className' implicitly has an 'any' type.
src/components/ui/pagination.tsx(67,4): error TS2741: Property 'isActive' is missing in type '{ children: Element[]; "aria-label": string; size: string; className: string; }' but required in type '{ [x: string]: any; className: any; isActive: any; size?: string | undefined; }'.
src/components/ui/pagination.tsx(79,3): error TS7031: Binding element 'className' implicitly has an 'any' type.
src/components/ui/popover.tsx(12,44): error TS2339: Property 'className' does not exist on type '{}'.
src/components/ui/popover.tsx(12,55): error TS2339: Property 'align' does not exist on type '{}'.
src/components/ui/popover.tsx(12,73): error TS2339: Property 'sideOffset' does not exist on type '{}'.
src/components/ui/popover.tsx(15,7): error TS2322: Type 'ForwardedRef<unknown>' is not assignable to type 'LegacyRef<HTMLDivElement> | undefined'.
  Type 'MutableRefObject<unknown>' is not assignable to type 'LegacyRef<HTMLDivElement> | undefined'.
    Type 'MutableRefObject<unknown>' is not assignable to type 'RefObject<HTMLDivElement>'.
      Types of property 'current' are incompatible.
        Type 'unknown' is not assignable to type 'HTMLDivElement | null'.
src/components/ui/radio-group.tsx(7,40): error TS2339: Property 'className' does not exist on type '{}'.
src/components/ui/radio-group.tsx(8,88): error TS2322: Type 'ForwardedRef<unknown>' is not assignable to type 'LegacyRef<HTMLDivElement> | undefined'.
  Type 'MutableRefObject<unknown>' is not assignable to type 'LegacyRef<HTMLDivElement> | undefined'.
    Type 'MutableRefObject<unknown>' is not assignable to type 'RefObject<HTMLDivElement>'.
      Types of property 'current' are incompatible.
        Type 'unknown' is not assignable to type 'HTMLDivElement | null'.
src/components/ui/radio-group.tsx(12,44): error TS2339: Property 'className' does not exist on type '{}'.
src/components/ui/radio-group.tsx(15,7): error TS2322: Type 'ForwardedRef<unknown>' is not assignable to type 'LegacyRef<HTMLButtonElement> | undefined'.
  Type 'MutableRefObject<unknown>' is not assignable to type 'LegacyRef<HTMLButtonElement> | undefined'.
    Type 'MutableRefObject<unknown>' is not assignable to type 'RefObject<HTMLButtonElement>'.
      Types of property 'current' are incompatible.
        Type 'unknown' is not assignable to type 'HTMLButtonElement | null'.
src/components/ui/resizable.tsx(7,3): error TS7031: Binding element 'className' implicitly has an 'any' type.
src/components/ui/resizable.tsx(10,4): error TS2741: Property 'direction' is missing in type '{ className: string; }' but required in type '{ autoSaveId?: string | null | undefined; className?: string | undefined; direction: Direction; id?: string | null | undefined; keyboardResizeBy?: number | null | undefined; ... 4 more ...; dir?: "auto" | ... 2 more ... | undefined; }'.
src/components/ui/resizable.tsx(21,3): error TS7031: Binding element 'withHandle' implicitly has an 'any' type.
src/components/ui/resizable.tsx(22,3): error TS7031: Binding element 'className' implicitly has an 'any' type.
src/components/ui/scroll-area.tsx(6,40): error TS2339: Property 'className' does not exist on type '{}'.
src/components/ui/scroll-area.tsx(6,51): error TS2339: Property 'children' does not exist on type '{}'.
src/components/ui/scroll-area.tsx(8,5): error TS2322: Type 'ForwardedRef<unknown>' is not assignable to type 'LegacyRef<HTMLDivElement> | undefined'.
  Type 'MutableRefObject<unknown>' is not assignable to type 'LegacyRef<HTMLDivElement> | undefined'.
    Type 'MutableRefObject<unknown>' is not assignable to type 'RefObject<HTMLDivElement>'.
      Types of property 'current' are incompatible.
        Type 'unknown' is not assignable to type 'HTMLDivElement | null'.
src/components/ui/scroll-area.tsx(20,39): error TS2339: Property 'className' does not exist on type '{}'.
src/components/ui/scroll-area.tsx(20,50): error TS2339: Property 'orientation' does not exist on type '{}'.
src/components/ui/scroll-area.tsx(22,5): error TS2322: Type 'ForwardedRef<unknown>' is not assignable to type 'LegacyRef<HTMLDivElement> | undefined'.
  Type 'MutableRefObject<unknown>' is not assignable to type 'LegacyRef<HTMLDivElement> | undefined'.
    Type 'MutableRefObject<unknown>' is not assignable to type 'RefObject<HTMLDivElement>'.
      Types of property 'current' are incompatible.
        Type 'unknown' is not assignable to type 'HTMLDivElement | null'.
src/components/ui/separator.tsx(7,5): error TS2339: Property 'className' does not exist on type '{}'.
src/components/ui/separator.tsx(7,16): error TS2339: Property 'orientation' does not exist on type '{}'.
src/components/ui/separator.tsx(7,44): error TS2339: Property 'decorative' does not exist on type '{}'.
src/components/ui/separator.tsx(11,5): error TS2322: Type 'ForwardedRef<unknown>' is not assignable to type 'LegacyRef<HTMLDivElement> | undefined'.
  Type 'MutableRefObject<unknown>' is not assignable to type 'LegacyRef<HTMLDivElement> | undefined'.
    Type 'MutableRefObject<unknown>' is not assignable to type 'RefObject<HTMLDivElement>'.
      Types of property 'current' are incompatible.
        Type 'unknown' is not assignable to type 'HTMLDivElement | null'.
src/components/ui/sheet.tsx(16,42): error TS2339: Property 'className' does not exist on type '{}'.
src/components/ui/sheet.tsx(23,5): error TS2322: Type 'ForwardedRef<unknown>' is not assignable to type 'LegacyRef<HTMLDivElement> | undefined'.
  Type 'MutableRefObject<unknown>' is not assignable to type 'LegacyRef<HTMLDivElement> | undefined'.
    Type 'MutableRefObject<unknown>' is not assignable to type 'RefObject<HTMLDivElement>'.
      Types of property 'current' are incompatible.
        Type 'unknown' is not assignable to type 'HTMLDivElement | null'.
src/components/ui/sheet.tsx(46,42): error TS2339: Property 'side' does not exist on type '{}'.
src/components/ui/sheet.tsx(46,58): error TS2339: Property 'className' does not exist on type '{}'.
src/components/ui/sheet.tsx(46,69): error TS2339: Property 'children' does not exist on type '{}'.
src/components/ui/sheet.tsx(49,29): error TS2322: Type 'ForwardedRef<unknown>' is not assignable to type 'LegacyRef<HTMLDivElement> | undefined'.
  Type 'MutableRefObject<unknown>' is not assignable to type 'LegacyRef<HTMLDivElement> | undefined'.
    Type 'MutableRefObject<unknown>' is not assignable to type 'RefObject<HTMLDivElement>'.
      Types of property 'current' are incompatible.
        Type 'unknown' is not assignable to type 'HTMLDivElement | null'.
src/components/ui/sheet.tsx(62,3): error TS7031: Binding element 'className' implicitly has an 'any' type.
src/components/ui/sheet.tsx(72,3): error TS7031: Binding element 'className' implicitly has an 'any' type.
src/components/ui/sheet.tsx(81,40): error TS2339: Property 'className' does not exist on type '{}'.
src/components/ui/sheet.tsx(83,5): error TS2322: Type 'ForwardedRef<unknown>' is not assignable to type 'LegacyRef<HTMLHeadingElement> | undefined'.
  Type 'MutableRefObject<unknown>' is not assignable to type 'LegacyRef<HTMLHeadingElement> | undefined'.
    Type 'MutableRefObject<unknown>' is not assignable to type 'RefObject<HTMLHeadingElement>'.
      Types of property 'current' are incompatible.
        Type 'unknown' is not assignable to type 'HTMLHeadingElement | null'.
src/components/ui/sheet.tsx(89,46): error TS2339: Property 'className' does not exist on type '{}'.
src/components/ui/sheet.tsx(91,5): error TS2322: Type 'ForwardedRef<unknown>' is not assignable to type 'LegacyRef<HTMLParagraphElement> | undefined'.
  Type 'MutableRefObject<unknown>' is not assignable to type 'LegacyRef<HTMLParagraphElement> | undefined'.
    Type 'MutableRefObject<unknown>' is not assignable to type 'RefObject<HTMLParagraphElement>'.
      Types of property 'current' are incompatible.
        Type 'unknown' is not assignable to type 'HTMLParagraphElement | null'.
src/components/ui/skeleton.tsx(4,3): error TS7031: Binding element 'className' implicitly has an 'any' type.
src/components/ui/sonner.tsx(11,7): error TS2322: Type 'string' is not assignable to type '"light" | "dark" | "system" | undefined'.
src/components/ui/switch.tsx(6,36): error TS2339: Property 'className' does not exist on type '{}'.
src/components/ui/switch.tsx(13,5): error TS2322: Type 'ForwardedRef<unknown>' is not assignable to type 'LegacyRef<HTMLButtonElement> | undefined'.
  Type 'MutableRefObject<unknown>' is not assignable to type 'LegacyRef<HTMLButtonElement> | undefined'.
    Type 'MutableRefObject<unknown>' is not assignable to type 'RefObject<HTMLButtonElement>'.
      Types of property 'current' are incompatible.
        Type 'unknown' is not assignable to type 'HTMLButtonElement | null'.
src/components/ui/table.tsx(5,35): error TS2339: Property 'className' does not exist on type '{}'.
src/components/ui/table.tsx(8,7): error TS2322: Type 'ForwardedRef<unknown>' is not assignable to type 'LegacyRef<HTMLTableElement> | undefined'.
  Type 'MutableRefObject<unknown>' is not assignable to type 'LegacyRef<HTMLTableElement> | undefined'.
    Type 'MutableRefObject<unknown>' is not assignable to type 'RefObject<HTMLTableElement>'.
      Types of property 'current' are incompatible.
        Type 'unknown' is not assignable to type 'HTMLTableElement | null'.
src/components/ui/table.tsx(15,41): error TS2339: Property 'className' does not exist on type '{}'.
src/components/ui/table.tsx(16,10): error TS2322: Type 'ForwardedRef<unknown>' is not assignable to type 'LegacyRef<HTMLTableSectionElement> | undefined'.
  Type 'MutableRefObject<unknown>' is not assignable to type 'LegacyRef<HTMLTableSectionElement> | undefined'.
    Type 'MutableRefObject<unknown>' is not assignable to type 'RefObject<HTMLTableSectionElement>'.
      Types of property 'current' are incompatible.
        Type 'unknown' is not assignable to type 'HTMLTableSectionElement | null'.
src/components/ui/table.tsx(20,39): error TS2339: Property 'className' does not exist on type '{}'.
src/components/ui/table.tsx(22,5): error TS2322: Type 'ForwardedRef<unknown>' is not assignable to type 'LegacyRef<HTMLTableSectionElement> | undefined'.
  Type 'MutableRefObject<unknown>' is not assignable to type 'LegacyRef<HTMLTableSectionElement> | undefined'.
    Type 'MutableRefObject<unknown>' is not assignable to type 'RefObject<HTMLTableSectionElement>'.
      Types of property 'current' are incompatible.
        Type 'unknown' is not assignable to type 'HTMLTableSectionElement | null'.
src/components/ui/table.tsx(28,41): error TS2339: Property 'className' does not exist on type '{}'.
src/components/ui/table.tsx(30,5): error TS2322: Type 'ForwardedRef<unknown>' is not assignable to type 'LegacyRef<HTMLTableSectionElement> | undefined'.
  Type 'MutableRefObject<unknown>' is not assignable to type 'LegacyRef<HTMLTableSectionElement> | undefined'.
    Type 'MutableRefObject<unknown>' is not assignable to type 'RefObject<HTMLTableSectionElement>'.
      Types of property 'current' are incompatible.
        Type 'unknown' is not assignable to type 'HTMLTableSectionElement | null'.
src/components/ui/table.tsx(36,38): error TS2339: Property 'className' does not exist on type '{}'.
src/components/ui/table.tsx(38,5): error TS2322: Type 'ForwardedRef<unknown>' is not assignable to type 'LegacyRef<HTMLTableRowElement> | undefined'.
  Type 'MutableRefObject<unknown>' is not assignable to type 'LegacyRef<HTMLTableRowElement> | undefined'.
    Type 'MutableRefObject<unknown>' is not assignable to type 'RefObject<HTMLTableRowElement>'.
      Types of property 'current' are incompatible.
        Type 'unknown' is not assignable to type 'HTMLTableRowElement | null'.
src/components/ui/table.tsx(47,39): error TS2339: Property 'className' does not exist on type '{}'.
src/components/ui/table.tsx(49,5): error TS2322: Type 'ForwardedRef<unknown>' is not assignable to type 'LegacyRef<HTMLTableHeaderCellElement> | undefined'.
  Type 'MutableRefObject<unknown>' is not assignable to type 'LegacyRef<HTMLTableHeaderCellElement> | undefined'.
    Type 'MutableRefObject<unknown>' is not assignable to type 'RefObject<HTMLTableHeaderCellElement>'.
      Types of property 'current' are incompatible.
        Type 'unknown' is not assignable to type 'HTMLTableHeaderCellElement | null'.
src/components/ui/table.tsx(58,39): error TS2339: Property 'className' does not exist on type '{}'.
src/components/ui/table.tsx(60,5): error TS2322: Type 'ForwardedRef<unknown>' is not assignable to type 'LegacyRef<HTMLTableDataCellElement> | undefined'.
  Type 'MutableRefObject<unknown>' is not assignable to type 'LegacyRef<HTMLTableDataCellElement> | undefined'.
    Type 'MutableRefObject<unknown>' is not assignable to type 'RefObject<HTMLTableDataCellElement>'.
      Types of property 'current' are incompatible.
        Type 'unknown' is not assignable to type 'HTMLTableDataCellElement | null'.
src/components/ui/table.tsx(69,42): error TS2339: Property 'className' does not exist on type '{}'.
src/components/ui/table.tsx(71,5): error TS2322: Type 'ForwardedRef<unknown>' is not assignable to type 'LegacyRef<HTMLElement> | undefined'.
  Type 'MutableRefObject<unknown>' is not assignable to type 'LegacyRef<HTMLElement> | undefined'.
    Type 'MutableRefObject<unknown>' is not assignable to type 'RefObject<HTMLElement>'.
      Types of property 'current' are incompatible.
        Type 'unknown' is not assignable to type 'HTMLElement | null'.
src/components/ui/toggle-group.tsx(12,41): error TS2339: Property 'className' does not exist on type '{}'.
src/components/ui/toggle-group.tsx(12,52): error TS2339: Property 'variant' does not exist on type '{}'.
src/components/ui/toggle-group.tsx(12,61): error TS2339: Property 'size' does not exist on type '{}'.
src/components/ui/toggle-group.tsx(12,67): error TS2339: Property 'children' does not exist on type '{}'.
src/components/ui/toggle-group.tsx(14,5): error TS2322: Type 'ForwardedRef<unknown>' is not assignable to type 'LegacyRef<HTMLDivElement> | undefined'.
  Type 'MutableRefObject<unknown>' is not assignable to type 'LegacyRef<HTMLDivElement> | undefined'.
    Type 'MutableRefObject<unknown>' is not assignable to type 'RefObject<HTMLDivElement>'.
      Types of property 'current' are incompatible.
        Type 'unknown' is not assignable to type 'HTMLDivElement | null'.
src/components/ui/toggle-group.tsx(25,45): error TS2339: Property 'className' does not exist on type '{}'.
src/components/ui/toggle-group.tsx(25,56): error TS2339: Property 'children' does not exist on type '{}'.
src/components/ui/toggle-group.tsx(25,66): error TS2339: Property 'variant' does not exist on type '{}'.
src/components/ui/toggle-group.tsx(25,75): error TS2339: Property 'size' does not exist on type '{}'.
src/components/ui/toggle-group.tsx(30,7): error TS2322: Type 'ForwardedRef<unknown>' is not assignable to type 'LegacyRef<HTMLButtonElement> | undefined'.
  Type 'MutableRefObject<unknown>' is not assignable to type 'LegacyRef<HTMLButtonElement> | undefined'.
    Type 'MutableRefObject<unknown>' is not assignable to type 'RefObject<HTMLButtonElement>'.
      Types of property 'current' are incompatible.
        Type 'unknown' is not assignable to type 'HTMLButtonElement | null'.
src/components/ui/toggle.tsx(31,36): error TS2339: Property 'className' does not exist on type '{}'.
src/components/ui/toggle.tsx(31,47): error TS2339: Property 'variant' does not exist on type '{}'.
src/components/ui/toggle.tsx(31,56): error TS2339: Property 'size' does not exist on type '{}'.
src/components/ui/toggle.tsx(33,5): error TS2322: Type 'ForwardedRef<unknown>' is not assignable to type 'LegacyRef<HTMLButtonElement> | undefined'.
  Type 'MutableRefObject<unknown>' is not assignable to type 'LegacyRef<HTMLButtonElement> | undefined'.
    Type 'MutableRefObject<unknown>' is not assignable to type 'RefObject<HTMLButtonElement>'.
      Types of property 'current' are incompatible.
        Type 'unknown' is not assignable to type 'HTMLButtonElement | null'.
src/components/ui/tooltip.tsx(12,44): error TS2339: Property 'className' does not exist on type '{}'.
src/components/ui/tooltip.tsx(12,55): error TS2339: Property 'sideOffset' does not exist on type '{}'.
src/components/ui/tooltip.tsx(15,7): error TS2322: Type 'ForwardedRef<unknown>' is not assignable to type 'LegacyRef<HTMLDivElement> | undefined'.
  Type 'MutableRefObject<unknown>' is not assignable to type 'LegacyRef<HTMLDivElement> | undefined'.
    Type 'MutableRefObject<unknown>' is not assignable to type 'RefObject<HTMLDivElement>'.
      Types of property 'current' are incompatible.
        Type 'unknown' is not assignable to type 'HTMLDivElement | null'.
src/pages/Explore.tsx(22,30): error TS2802: Type 'Set<string>' can only be iterated through when using the '--downlevelIteration' flag or with a '--target' of 'es2015' or higher.
src/pages/Explore.tsx(23,27): error TS2802: Type 'Set<string>' can only be iterated through when using the '--downlevelIteration' flag or with a '--target' of 'es2015' or higher.
src/pages/Explore.tsx(24,28): error TS2802: Type 'Set<string>' can only be iterated through when using the '--downlevelIteration' flag or with a '--target' of 'es2015' or higher.
src/pages/Home.tsx(83,30): error TS7006: Parameter 'e' implicitly has an 'any' type.
